Build started 2019-10-23 오후 7:36:00.
     1>Project "C:\Users\626an\Documents\Visual Studio 2010\Projects\1023 과제3 부분 문자열 출력하기\1023 과제3 부분 문자열 출력하기\1023 과제3 부분 문자열 출력하기.vcxproj" on node 2 (build target(s)).
     1>InitializeBuildStatus:
         Creating "Debug\1023 과제3 부분 문자열 출력하기.unsuccessfulbuild" because "AlwaysCreate" was specified.
       ClCompile:
         C:\Program Files (x86)\Microsoft Visual Studio 10.0\VC\bin\CL.exe /c /ZI /nologo /W3 /WX- /Od /Oy- /D WIN32 /D _DEBUG /D _CONSOLE /D _UNICODE /D UNICODE /Gm /EHsc /RTC1 /MDd /GS /fp:precise /Zc:wchar_t /Zc:forScope /Fo"Debug\\" /Fd"Debug\vc100.pdb" /Gd /TC /analyze- /errorReport:prompt main.c
         main.c
       ManifestResourceCompile:
         All outputs are up-to-date.
       Link:
         C:\Program Files (x86)\Microsoft Visual Studio 10.0\VC\bin\link.exe /ERRORREPORT:PROMPT /OUT:"C:\Users\626an\Documents\Visual Studio 2010\Projects\1023 과제3 부분 문자열 출력하기\Debug\1023 과제3 부분 문자열 출력하기.exe" /INCREMENTAL /NOLOGO kernel32.lib user32.lib gdi32.lib winspool.lib comdlg32.lib advapi32.lib shell32.lib ole32.lib oleaut32.lib uuid.lib odbc32.lib odbccp32.lib /MANIFEST /ManifestFile:"Debug\1023 과제3 부분 문자열 출력하기.exe.intermediate.manifest" /MANIFESTUAC:"level='asInvoker' uiAccess='false'" /DEBUG /PDB:"C:\Users\626an\Documents\Visual Studio 2010\Projects\1023 과제3 부분 문자열 출력하기\Debug\1023 과제3 부분 문자열 출력하기.pdb" /SUBSYSTEM:CONSOLE /TLBID:1 /DYNAMICBASE /NXCOMPAT /IMPLIB:"C:\Users\626an\Documents\Visual Studio 2010\Projects\1023 과제3 부분 문자열 출력하기\Debug\1023 과제3 부분 문자열 출력하기.lib" /MACHINE:X86 "Debug\1023 과제3 부분 문자열 출력하기.exe.embed.manifest.res"
         Debug\main.obj
       Manifest:
         C:\Program Files (x86)\Microsoft SDKs\Windows\v7.0A\bin\mt.exe /nologo /verbose /out:"Debug\1023 과제3 부분 문자열 출력하기.exe.embed.manifest" /manifest "Debug\1023 과제3 부분 문자열 출력하기.exe.intermediate.manifest"
         All outputs are up-to-date.
       LinkEmbedManifest:
         All outputs are up-to-date.
         1023 과제3 부분 문자열 출력하기.vcxproj -> C:\Users\626an\Documents\Visual Studio 2010\Projects\1023 과제3 부분 문자열 출력하기\Debug\1023 과제3 부분 문자열 출력하기.exe
       FinalizeBuildStatus:
         Deleting file "Debug\1023 과제3 부분 문자열 출력하기.unsuccessfulbuild".
         Touching "Debug\1023 과제3 부분 문자열 출력하기.lastbuildstate".
     1>Done Building Project "C:\Users\626an\Documents\Visual Studio 2010\Projects\1023 과제3 부분 문자열 출력하기\1023 과제3 부분 문자열 출력하기\1023 과제3 부분 문자열 출력하기.vcxproj" (build target(s)).

Build succeeded.

Time Elapsed 00:00:00.82
