Build started 2019-11-28 오전 10:48:02.
     1>Project "C:\Users\626an\Documents\Visual Studio 2010\Projects\1128 실습) Player-Weapon에 적용하기\1128 실습) Player-Weapon에 적용하기\1128 실습) Player-Weapon에 적용하기.vcxproj" on node 2 (build target(s)).
     1>InitializeBuildStatus:
         Touching "Debug\1128 실습) Player-Weapon에 적용하기.unsuccessfulbuild".
       ClCompile:
         C:\Program Files (x86)\Microsoft Visual Studio 10.0\VC\bin\CL.exe /c /ZI /nologo /W3 /WX- /Od /Oy- /D WIN32 /D _DEBUG /D _CONSOLE /D _UNICODE /D UNICODE /Gm /EHsc /RTC1 /MDd /GS /fp:precise /Zc:wchar_t /Zc:forScope /Fo"Debug\\" /Fd"Debug\vc100.pdb" /Gd /TC /analyze- /errorReport:prompt battle.c
         battle.c
     1>c:\users\626an\documents\visual studio 2010\projects\1128 실습) player-weapon에 적용하기\1128 실습) player-weapon에 적용하기\battle.c(17): warning C4996: 'scanf': This function or variable may be unsafe. Consider using scanf_s instead. To disable deprecation, use _CRT_SECURE_NO_WARNINGS. See online help for details.
                 c:\program files (x86)\microsoft visual studio 10.0\vc\include\stdio.h(304) : see declaration of 'scanf'
     1>c:\users\626an\documents\visual studio 2010\projects\1128 실습) player-weapon에 적용하기\1128 실습) player-weapon에 적용하기\battle.c(38): warning C4996: 'scanf': This function or variable may be unsafe. Consider using scanf_s instead. To disable deprecation, use _CRT_SECURE_NO_WARNINGS. See online help for details.
                 c:\program files (x86)\microsoft visual studio 10.0\vc\include\stdio.h(304) : see declaration of 'scanf'
       ManifestResourceCompile:
         All outputs are up-to-date.
       Link:
         C:\Program Files (x86)\Microsoft Visual Studio 10.0\VC\bin\link.exe /ERRORREPORT:PROMPT /OUT:"C:\Users\626an\Documents\Visual Studio 2010\Projects\1128 실습) Player-Weapon에 적용하기\Debug\1128 실습) Player-Weapon에 적용하기.exe" /INCREMENTAL /NOLOGO kernel32.lib user32.lib gdi32.lib winspool.lib comdlg32.lib advapi32.lib shell32.lib ole32.lib oleaut32.lib uuid.lib odbc32.lib odbccp32.lib /MANIFEST /ManifestFile:"Debug\1128 실습) Player-Weapon에 적용하기.exe.intermediate.manifest" /MANIFESTUAC:"level='asInvoker' uiAccess='false'" /DEBUG /PDB:"C:\Users\626an\Documents\Visual Studio 2010\Projects\1128 실습) Player-Weapon에 적용하기\Debug\1128 실습) Player-Weapon에 적용하기.pdb" /SUBSYSTEM:CONSOLE /TLBID:1 /DYNAMICBASE /NXCOMPAT /IMPLIB:"C:\Users\626an\Documents\Visual Studio 2010\Projects\1128 실습) Player-Weapon에 적용하기\Debug\1128 실습) Player-Weapon에 적용하기.lib" /MACHINE:X86 "Debug\1128 실습) Player-Weapon에 적용하기.exe.embed.manifest.res"
         Debug\battle.obj
         Debug\main.obj
     1>main.obj : error LNK2019: unresolved external symbol _mekeStr_void referenced in function _main
     1>C:\Users\626an\Documents\Visual Studio 2010\Projects\1128 실습) Player-Weapon에 적용하기\Debug\1128 실습) Player-Weapon에 적용하기.exe : fatal error LNK1120: 1 unresolved externals
     1>Done Building Project "C:\Users\626an\Documents\Visual Studio 2010\Projects\1128 실습) Player-Weapon에 적용하기\1128 실습) Player-Weapon에 적용하기\1128 실습) Player-Weapon에 적용하기.vcxproj" (build target(s)) -- FAILED.

Build FAILED.

Time Elapsed 00:00:01.61
