Build started 2019-10-24 오전 8:11:33.
     1>Project "C:\Users\626an\Documents\Visual Studio 2010\Projects\1024\1024\1024.vcxproj" on node 2 (build target(s)).
     1>PrepareForBuild:
         Creating directory "C:\Users\626an\Documents\Visual Studio 2010\Projects\1024\Debug\".
       InitializeBuildStatus:
         Creating "Debug\1024.unsuccessfulbuild" because "AlwaysCreate" was specified.
       ClCompile:
         C:\Program Files (x86)\Microsoft Visual Studio 10.0\VC\bin\CL.exe /c /ZI /nologo /W3 /WX- /Od /Oy- /D WIN32 /D _DEBUG /D _CONSOLE /D _UNICODE /D UNICODE /Gm /EHsc /RTC1 /MDd /GS /fp:precise /Zc:wchar_t /Zc:forScope /Fo"Debug\\" /Fd"Debug\vc100.pdb" /Gd /TC /analyze- /errorReport:prompt main.c
         main.c
     1>c:\users\626an\documents\visual studio 2010\projects\1024\1024\main.c(6): error C2133: 'str' : unknown size
     1>c:\users\626an\documents\visual studio 2010\projects\1024\1024\main.c(19): error C2065: 'j' : undeclared identifier
     1>c:\users\626an\documents\visual studio 2010\projects\1024\1024\main.c(19): error C2065: 'j' : undeclared identifier
     1>c:\users\626an\documents\visual studio 2010\projects\1024\1024\main.c(19): error C2065: 'sig' : undeclared identifier
     1>c:\users\626an\documents\visual studio 2010\projects\1024\1024\main.c(19): error C2065: 'j' : undeclared identifier
     1>c:\users\626an\documents\visual studio 2010\projects\1024\1024\main.c(21): error C2065: 'sum' : undeclared identifier
     1>c:\users\626an\documents\visual studio 2010\projects\1024\1024\main.c(21): error C2065: 'j' : undeclared identifier
     1>c:\users\626an\documents\visual studio 2010\projects\1024\1024\main.c(21): warning C4013: 'power' undefined; assuming extern returning int
     1>c:\users\626an\documents\visual studio 2010\projects\1024\1024\main.c(21): error C2065: 'sig' : undeclared identifier
     1>c:\users\626an\documents\visual studio 2010\projects\1024\1024\main.c(21): error C2065: 'j' : undeclared identifier
     1>c:\users\626an\documents\visual studio 2010\projects\1024\1024\main.c(24): error C2065: 'sig' : undeclared identifier
     1>c:\users\626an\documents\visual studio 2010\projects\1024\1024\main.c(25): error C2065: 'sum' : undeclared identifier
     1>Done Building Project "C:\Users\626an\Documents\Visual Studio 2010\Projects\1024\1024\1024.vcxproj" (build target(s)) -- FAILED.

Build FAILED.

Time Elapsed 00:00:00.61
