Build started 2019-10-23 오후 12:28:27.
     1>Project "C:\Users\626an\Documents\Visual Studio 2010\Projects\1022 중간고사 공부\1022 중간고사 공부\1022 중간고사 공부.vcxproj" on node 2 (build target(s)).
     1>InitializeBuildStatus:
         Creating "Debug\1022 중간고사 공부.unsuccessfulbuild" because "AlwaysCreate" was specified.
       ClCompile:
         C:\Program Files (x86)\Microsoft Visual Studio 10.0\VC\bin\CL.exe /c /ZI /nologo /W3 /WX- /Od /Oy- /D WIN32 /D _DEBUG /D _CONSOLE /D _UNICODE /D UNICODE /Gm /EHsc /RTC1 /MDd /GS /fp:precise /Zc:wchar_t /Zc:forScope /Fo"Debug\\" /Fd"Debug\vc100.pdb" /Gd /TC /analyze- /errorReport:prompt main.c
         main.c
     1>c:\users\626an\documents\visual studio 2010\projects\1022 중간고사 공부\1022 중간고사 공부\main.c(10): warning C4996: 'scanf': This function or variable may be unsafe. Consider using scanf_s instead. To disable deprecation, use _CRT_SECURE_NO_WARNINGS. See online help for details.
                 c:\program files (x86)\microsoft visual studio 10.0\vc\include\stdio.h(304) : see declaration of 'scanf'
       ManifestResourceCompile:
         All outputs are up-to-date.
       Link:
         C:\Program Files (x86)\Microsoft Visual Studio 10.0\VC\bin\link.exe /ERRORREPORT:PROMPT /OUT:"C:\Users\626an\Documents\Visual Studio 2010\Projects\1022 중간고사 공부\Debug\1022 중간고사 공부.exe" /INCREMENTAL /NOLOGO kernel32.lib user32.lib gdi32.lib winspool.lib comdlg32.lib advapi32.lib shell32.lib ole32.lib oleaut32.lib uuid.lib odbc32.lib odbccp32.lib /MANIFEST /ManifestFile:"Debug\1022 중간고사 공부.exe.intermediate.manifest" /MANIFESTUAC:"level='asInvoker' uiAccess='false'" /DEBUG /PDB:"C:\Users\626an\Documents\Visual Studio 2010\Projects\1022 중간고사 공부\Debug\1022 중간고사 공부.pdb" /SUBSYSTEM:CONSOLE /TLBID:1 /DYNAMICBASE /NXCOMPAT /IMPLIB:"C:\Users\626an\Documents\Visual Studio 2010\Projects\1022 중간고사 공부\Debug\1022 중간고사 공부.lib" /MACHINE:X86 "Debug\1022 중간고사 공부.exe.embed.manifest.res"
         Debug\main.obj
       Manifest:
         C:\Program Files (x86)\Microsoft SDKs\Windows\v7.0A\bin\mt.exe /nologo /verbose /out:"Debug\1022 중간고사 공부.exe.embed.manifest" /manifest "Debug\1022 중간고사 공부.exe.intermediate.manifest"
         All outputs are up-to-date.
       LinkEmbedManifest:
         All outputs are up-to-date.
         1022 중간고사 공부.vcxproj -> C:\Users\626an\Documents\Visual Studio 2010\Projects\1022 중간고사 공부\Debug\1022 중간고사 공부.exe
       FinalizeBuildStatus:
         Deleting file "Debug\1022 중간고사 공부.unsuccessfulbuild".
         Touching "Debug\1022 중간고사 공부.lastbuildstate".
     1>Done Building Project "C:\Users\626an\Documents\Visual Studio 2010\Projects\1022 중간고사 공부\1022 중간고사 공부\1022 중간고사 공부.vcxproj" (build target(s)).

Build succeeded.

Time Elapsed 00:00:01.09
