Build started 2019-12-05 오전 8:46:47.
     1>Project "C:\Users\626an\Documents\Visual Studio 2010\Projects\1203 수업) My building\1203 수업) My building\1203 수업) My building.vcxproj" on node 2 (build target(s)).
     1>InitializeBuildStatus:
         Creating "Debug\1203 수업) My building.unsuccessfulbuild" because "AlwaysCreate" was specified.
       ClCompile:
         C:\Program Files (x86)\Microsoft Visual Studio 10.0\VC\bin\CL.exe /c /ZI /nologo /W3 /WX- /Od /Oy- /D WIN32 /D _DEBUG /D _CONSOLE /D _UNICODE /D UNICODE /Gm /EHsc /RTC1 /MDd /GS /fp:precise /Zc:wchar_t /Zc:forScope /Fo"Debug\\" /Fd"Debug\vc100.pdb" /Gd /TC /analyze- /errorReport:prompt main.c
         main.c
     1>c:\users\626an\documents\visual studio 2010\projects\1203 수업) my building\1203 수업) my building\main.c(22): warning C4996: 'scanf': This function or variable may be unsafe. Consider using scanf_s instead. To disable deprecation, use _CRT_SECURE_NO_WARNINGS. See online help for details.
                 c:\program files (x86)\microsoft visual studio 10.0\vc\include\stdio.h(304) : see declaration of 'scanf'
     1>c:\users\626an\documents\visual studio 2010\projects\1203 수업) my building\1203 수업) my building\main.c(25): warning C4013: 'exit' undefined; assuming extern returning int
     1>c:\users\626an\documents\visual studio 2010\projects\1203 수업) my building\1203 수업) my building\main.c(31): warning C4996: 'scanf': This function or variable may be unsafe. Consider using scanf_s instead. To disable deprecation, use _CRT_SECURE_NO_WARNINGS. See online help for details.
                 c:\program files (x86)\microsoft visual studio 10.0\vc\include\stdio.h(304) : see declaration of 'scanf'
     1>c:\users\626an\documents\visual studio 2010\projects\1203 수업) my building\1203 수업) my building\main.c(15): warning C4101: 'building4' : unreferenced local variable
     1>c:\users\626an\documents\visual studio 2010\projects\1203 수업) my building\1203 수업) my building\main.c(13): warning C4101: 'building2' : unreferenced local variable
     1>c:\users\626an\documents\visual studio 2010\projects\1203 수업) my building\1203 수업) my building\main.c(12): warning C4101: 'building1' : unreferenced local variable
       ManifestResourceCompile:
         All outputs are up-to-date.
       Link:
         C:\Program Files (x86)\Microsoft Visual Studio 10.0\VC\bin\link.exe /ERRORREPORT:PROMPT /OUT:"C:\Users\626an\Documents\Visual Studio 2010\Projects\1203 수업) My building\Debug\1203 수업) My building.exe" /INCREMENTAL /NOLOGO kernel32.lib user32.lib gdi32.lib winspool.lib comdlg32.lib advapi32.lib shell32.lib ole32.lib oleaut32.lib uuid.lib odbc32.lib odbccp32.lib /MANIFEST /ManifestFile:"Debug\1203 수업) My building.exe.intermediate.manifest" /MANIFESTUAC:"level='asInvoker' uiAccess='false'" /DEBUG /PDB:"C:\Users\626an\Documents\Visual Studio 2010\Projects\1203 수업) My building\Debug\1203 수업) My building.pdb" /SUBSYSTEM:CONSOLE /TLBID:1 /DYNAMICBASE /NXCOMPAT /IMPLIB:"C:\Users\626an\Documents\Visual Studio 2010\Projects\1203 수업) My building\Debug\1203 수업) My building.lib" /MACHINE:X86 "Debug\1203 수업) My building.exe.embed.manifest.res"
         Debug\main.obj
       Manifest:
         C:\Program Files (x86)\Microsoft SDKs\Windows\v7.0A\bin\mt.exe /nologo /verbose /out:"Debug\1203 수업) My building.exe.embed.manifest" /manifest "Debug\1203 수업) My building.exe.intermediate.manifest"
         All outputs are up-to-date.
       LinkEmbedManifest:
         All outputs are up-to-date.
         1203 수업) My building.vcxproj -> C:\Users\626an\Documents\Visual Studio 2010\Projects\1203 수업) My building\Debug\1203 수업) My building.exe
       FinalizeBuildStatus:
         Deleting file "Debug\1203 수업) My building.unsuccessfulbuild".
         Touching "Debug\1203 수업) My building.lastbuildstate".
     1>Done Building Project "C:\Users\626an\Documents\Visual Studio 2010\Projects\1203 수업) My building\1203 수업) My building\1203 수업) My building.vcxproj" (build target(s)).

Build succeeded.

Time Elapsed 00:00:01.74
